<?xml version="1.0" encoding="UTF-8"?>
<!-- Generated by org.testng.reporters.JUnitXMLReporter -->
<testsuite ignored="3" hostname="Sharmin_Zaman" failures="0" tests="1" name="Generate Report" time="6.794" errors="0" timestamp="2023-06-01T13:20:26 EDT">
  <testcase classname="system_testing.TestAddToWishList" name="testValidAddToWishList" time="3.5"/>
  <testcase classname="system_testing.TestAddToCart" name="testAddProductValueOve1000" time="0.0">
    <ignored/>
  </testcase> <!-- testAddProductValueOve1000 -->
  <testcase classname="system_testing.TestAddToCart" name="testValidAddToCart" time="0.0">
    <ignored/>
  </testcase> <!-- testValidAddToCart -->
  <testcase classname="system_testing.TestAddToCart" name="testInvalidQuantityAddToCart" time="0.0">
    <ignored/>
  </testcase> <!-- testInvalidQuantityAddToCart -->
</testsuite> <!-- Generate Report -->
