<?xml version="1.0" encoding="UTF-8"?>
<testng-results ignored="3" total="4" passed="1" failed="0" skipped="0">
  <reporter-output>
  </reporter-output>
  <suite started-at="2023-06-01T13:20:20 EDT" name="All Test Suite" finished-at="2023-06-01T13:20:26 EDT" duration-ms="6794">
    <groups>
      <group name="sanity">
        <method signature="TestAddToWishList.testValidAddToWishList()[pri:0, instance:system_testing.TestAddToWishList@4d457bbe]" name="testValidAddToWishList" class="system_testing.TestAddToWishList"/>
      </group> <!-- sanity -->
    </groups>
    <test started-at="2023-06-01T13:20:20 EDT" name="Generate Report" finished-at="2023-06-01T13:20:26 EDT" duration-ms="6794">
      <class name="system_testing.TestAddToWishList">
        <test-method is-config="true" signature="startUp(java.lang.String,java.lang.String)[pri:0, instance:system_testing.TestAddToWishList@4d457bbe]" started-at="2023-06-01T13:20:20 EDT" name="startUp" finished-at="2023-06-01T13:20:23 EDT" duration-ms="2977" status="PASS">
          <params>
            <param index="0">
              <value>
                <![CDATA[chrome]]>
              </value>
            </param>
            <param index="1">
              <value>
                <![CDATA[https://demo.nopcommerce.com/]]>
              </value>
            </param>
          </params>
          <reporter-output>
          </reporter-output>
        </test-method> <!-- startUp -->
        <test-method signature="testValidAddToWishList()[pri:0, instance:system_testing.TestAddToWishList@4d457bbe]" started-at="2023-06-01T13:20:23 EDT" name="testValidAddToWishList" finished-at="2023-06-01T13:20:26 EDT" duration-ms="3500" status="PASS">
          <reporter-output>
          </reporter-output>
        </test-method> <!-- testValidAddToWishList -->
        <test-method is-config="true" signature="tearDown(org.testng.ITestResult)[pri:0, instance:system_testing.TestAddToWishList@4d457bbe]" started-at="2023-06-01T13:20:26 EDT" name="tearDown" finished-at="2023-06-01T13:20:26 EDT" duration-ms="239" status="PASS">
          <params>
            <param index="0">
              <value>
                <![CDATA[[TestResult name=testValidAddToWishList status=SUCCESS method=TestAddToWishList.testValidAddToWishList()[pri:0, instance:system_testing.TestAddToWishList@4d457bbe] output={null}]]]>
              </value>
            </param>
          </params>
          <reporter-output>
          </reporter-output>
        </test-method> <!-- tearDown -->
      </class> <!-- system_testing.TestAddToWishList -->
    </test> <!-- Generate Report -->
  </suite> <!-- All Test Suite -->
</testng-results>
